[2015-07-22 15:45:15,494] [main] [INFO ] - Starting (TeamchatAPIImpl$1:-1) 
[2015-07-22 15:45:15,511] [Thread-1] [INFO ] - Endpoint:http://enterprise.teamchat.com/api/events?after=1437556246672 (EventStreamImpl:-1) 
[2015-07-22 15:45:17,589] [Thread-1] [INFO ] - EVE Read line:data: {"type":"welcome","message":"Welcome. Please don't disconnect!"} (EventStreamImpl:-1) 
[2015-07-22 15:45:17,590] [Thread-1] [INFO ] - Connection successful (TeamchatAPIImpl$1:-1) 
[2015-07-22 15:45:17,590] [Thread-1] [INFO ] - EVE Read line: (EventStreamImpl:-1) 
[2015-07-22 15:45:17,853] [Thread-1] [INFO ] - EVE Read line:data: {"_id":"55af600ab16598fd30621f00","date":1437556746687,"roomId":"55add997177b15a00aca5c89","sender":"24516","text":"{\"summary\":{\"summitem\":[{\"dd\":{\"yes\":\"1.0\"},\"hidden\":\"true\",\"name\":\"yesno\",\"value\":\"1.00\",\"display\":\"Count\"}],\"unumreq\":\"1\",\"numreq\":\"2\"},\"detailsLinkVisibility\":\"all\",\"currentsenderuser\":{\"username\":\"Sandeep Kumar Jaluthariya\",\"useremail\":\"sandeep.jaluthariya@webaroo.com\",\"userid\":\"24516\",\"userimgurl\":\"http://enterprise.teamchat.com/profiles/dummy/profile-9.png\"},\"queslabel\":\"Question\",\"origsenderuser\":{\"username\":\"Sandeep Kumar Jaluthariya\",\"useremail\":\"sandeep.jaluthariya@webaroo.com\",\"userid\":\"24516\",\"userimgurl\":\"http://enterprise.teamchat.com/profiles/dummy/profile-9.png\"},\"type\":\"primary\",\"origtimestamp\":1437556572282,\"viewtype\":\"replace\",\"formid\":\"55af5f5ce4b09d59c71e4cdd\",\"origsender\":\"24516\",\"imgUrl\":\"\",\"content\":{\"text\":\"Should tomorrow be holiday\"},\"details\":{\"detitem\":{\"label\":\"Replies\",\"resps\":[{\"timestamp\":1437556746683,\"values\":[\"yes\"],\"date\":\"22 Jul 2015 02:49 PM IST\",\"user\":{\"username\":\"Sandeep Kumar Jaluthariya\",\"useremail\":\"sandeep.jaluthariya@webaroo.com\",\"userid\":\"24516\",\"userimgurl\":\"http://enterprise.teamchat.com/profiles/dummy/profile-9.png\"}},{\"timestamp\":1437556597587,\"overriden\":true,\"values\":[\"yes\"],\"date\":\"22 Jul 2015 02:46 PM IST\",\"user\":{\"username\":\"Sandeep Kumar Jaluthariya\",\"useremail\":\"sandeep.jaluthariya@webaroo.com\",\"userid\":\"24516\",\"userimgurl\":\"http://enterprise.teamchat.com/profiles/dummy/profile-9.png\"}}],\"ct\":\"2\",\"header\":[\"Response\"]}},\"xslt\":\"primary-2.7.2\",\"currentsender\":\"24516\",\"latestAction\":\"reply\",\"actionreplace\":\"replace\",\"actions\":{\"actitem\":[{\"yesno\":{\"formjson\":\"{\\\"imgUrl\\\":\\\"\\\",\\\"type\\\":\\\"meta\\\",\\\"fields\\\":[{\\\"name\\\":\\\"resp\\\",\\\"value\\\":\\\"\\\",\\\"type\\\":\\\"input\\\"}],\\\"displayname\\\":\\\"Reply\\\"}\",\"respjsonno\":\"{\\\"maction\\\":\\\"\\\",\\\"action\\\":\\\"Reply\\\",\\\"formid\\\":\\\"55af5f5ce4b09d59c71e4cdd\\\",\\\"resp\\\":\\\"no\\\"}\",\"yesct\":\"1\",\"noct\":\"0\",\"respjsonyes\":\"{\\\"maction\\\":\\\"\\\",\\\"action\\\":\\\"Reply\\\",\\\"formid\\\":\\\"55af5f5ce4b09d59c71e4cdd\\\",\\\"resp\\\":\\\"yes\\\"}\"}}]},\"comments\":{\"summary\":{\"numreq\":0},\"addcomment\":\"true\",\"details\":{\"label\":\"Comments\",\"resps\":[]},\"actions\":{\"actitem\":[{\"button\":{\"formjson\":\"{\\\"imgUrl\\\":\\\"\\\",\\\"type\\\":\\\"meta\\\",\\\"fields\\\":[{\\\"name\\\":\\\"textL\\\",\\\"value\\\":\\\"Comment\\\",\\\"type\\\":\\\"label\\\"},{\\\"validator\\\":[{\\\"emsg\\\":\\\"required field\\\",\\\"regx\\\":\\\".+\\\"}],\\\"name\\\":\\\"text\\\",\\\"value\\\":\\\"\\\",\\\"type\\\":\\\"input\\\"}]}\",\"respjson\":\"{\\\"text\\\":\\\"\\\",\\\"maction\\\":\\\"\\\",\\\"action\\\":\\\"comment\\\",\\\"formid\\\":\\\"55af5f5ce4b09d59c71e4cdd\\\"}\",\"resptype\":\"compose\",\"label\":\"Comment\"}}]}},\"minCrv\":\"3\",\"origdate\":\"22 Jul 2015 02:46 PM IST\",\"displayname\":\"Poll\"}","type":"smartmessage","seqId":"13067390825130519xGnq-986492136","acks":[],"roomUrl":"http://enterprise.teamchat.com/api/rooms/55add997177b15a00aca5c89","from":"24516","url":"http://enterprise.teamchat.com/api/rooms/55add997177b15a00aca5c89/messages/55af600ab16598fd30621f00","ackUrl":"http://enterprise.teamchat.com/api/rooms/55add997177b15a00aca5c89/messages/55af600ab16598fd30621f00/acks","senderObj":{"name":"Sandeep Kumar Jaluthariya","email":"sandeep.jaluthariya@webaroo.com","userId":"24516","imageUrl":"http://enterprise.teamchat.com/profiles/dummy/profile-9.png"}} (EventStreamImpl:-1) 
[2015-07-22 15:45:17,868] [Thread-1] [INFO ] - EVE Read line: (EventStreamImpl:-1) 
[2015-07-22 15:45:17,869] [Thread-1] [INFO ] - EVE Read line:data: {"_id":"55af616db16598fd30621f0f","date":1437557101123,"roomId":"55add997177b15a00aca5c89","sender":"24516","text":"{\"summary\":{\"summitem\":[],\"unumreq\":\"2\",\"numreq\":\"2\"},\"detailsLinkVisibility\":\"all\",\"currentsenderuser\":{\"username\":\"Sandeep Kumar Jaluthariya\",\"useremail\":\"sandeep.jaluthariya@webaroo.com\",\"userid\":\"24516\",\"userimgurl\":\"http://enterprise.teamchat.com/profiles/dummy/profile-9.png\"},\"origsenderuser\":{\"username\":\"Sandeep Kumar Jaluthariya\",\"useremail\":\"sandeep.jaluthariya@webaroo.com\",\"userid\":\"24516\",\"userimgurl\":\"http://enterprise.teamchat.com/profiles/dummy/profile-9.png\"},\"type\":\"primary\",\"origtimestamp\":1437556816721,\"viewtype\":\"replace\",\"formid\":\"55af6050e4b066d9c4962e11\",\"origsender\":\"24516\",\"imgUrl\":\"\",\"content\":{\"text\":\"Who you are\"},\"details\":{\"detitem\":{\"label\":\"Replies\",\"resps\":[{\"timestamp\":1437557101123,\"values\":[\"34\",\"45\"],\"date\":\"22 Jul 2015 02:55 PM IST\",\"user\":{\"username\":\"Sandeep Kumar Jaluthariya\",\"useremail\":\"sandeep.jaluthariya@webaroo.com\",\"userid\":\"24516\",\"userimgurl\":\"http://enterprise.teamchat.com/profiles/dummy/profile-9.png\"}},{\"timestamp\":1437556915886,\"values\":[\"qw\",\"ww\"],\"date\":\"22 Jul 2015 02:51 PM IST\",\"user\":{\"username\":\"Sandeep Kumar Jaluthariya\",\"useremail\":\"sandeep.jaluthariya@webaroo.com\",\"userid\":\"24516\",\"userimgurl\":\"http://enterprise.teamchat.com/profiles/dummy/profile-9.png\"}}],\"ct\":\"2\",\"header\":[\"A\",\"B\"]}},\"xslt\":\"primary-2.7.2\",\"quesl\":\"Question\",\"currentsender\":\"24516\",\"item1l\":\"Label (Field1)\",\"latestAction\":\"reply\",\"actionreplace\":\"\",\"item2l\":\"Label (Field2)\",\"actions\":{\"actitem\":[{\"button\":{\"formjson\":\"{\\\"imgUrl\\\":\\\"\\\",\\\"type\\\":\\\"meta\\\",\\\"fields\\\":[{\\\"name\\\":\\\"quesL\\\",\\\"value\\\":\\\"Who you are\\\",\\\"type\\\":\\\"label\\\"},{\\\"name\\\":\\\"key1L\\\",\\\"value\\\":\\\"A\\\",\\\"type\\\":\\\"label\\\"},{\\\"name\\\":\\\"key1\\\",\\\"value\\\":\\\"\\\",\\\"type\\\":\\\"input\\\"},{\\\"name\\\":\\\"key2L\\\",\\\"value\\\":\\\"B\\\",\\\"type\\\":\\\"label\\\"},{\\\"name\\\":\\\"key2\\\",\\\"value\\\":\\\"\\\",\\\"type\\\":\\\"input\\\"}],\\\"displayname\\\":\\\"Reply\\\"}\",\"respjson\":\"{\\\"maction\\\":\\\"\\\",\\\"key2\\\":\\\"\\\",\\\"key1\\\":\\\"\\\",\\\"action\\\":\\\"Reply\\\",\\\"formid\\\":\\\"55af6050e4b066d9c4962e11\\\"}\",\"resptype\":\"compose\",\"label\":\"Reply\"}}]},\"comments\":{\"summary\":{\"numreq\":0},\"addcomment\":\"true\",\"details\":{\"label\":\"Comments\",\"resps\":[]},\"actions\":{\"actitem\":[{\"button\":{\"formjson\":\"{\\\"imgUrl\\\":\\\"\\\",\\\"type\\\":\\\"meta\\\",\\\"fields\\\":[{\\\"name\\\":\\\"textL\\\",\\\"value\\\":\\\"Comment\\\",\\\"type\\\":\\\"label\\\"},{\\\"validator\\\":[{\\\"emsg\\\":\\\"required field\\\",\\\"regx\\\":\\\".+\\\"}],\\\"name\\\":\\\"text\\\",\\\"value\\\":\\\"\\\",\\\"type\\\":\\\"input\\\"}]}\",\"respjson\":\"{\\\"text\\\":\\\"\\\",\\\"maction\\\":\\\"\\\",\\\"action\\\":\\\"comment\\\",\\\"formid\\\":\\\"55af6050e4b066d9c4962e11\\\"}\",\"resptype\":\"compose\",\"label\":\"Comment\"}}]}},\"minCrv\":\"3\",\"origdate\":\"22 Jul 2015 02:50 PM IST\",\"displayname\":\"Text Chatlet\"}","type":"smartmessage","seqId":"7101532077877909xGnq-986492136","acks":[],"roomUrl":"http://enterprise.teamchat.com/api/rooms/55add997177b15a00aca5c89","from":"24516","url":"http://enterprise.teamchat.com/api/rooms/55add997177b15a00aca5c89/messages/55af616db16598fd30621f0f","ackUrl":"http://enterprise.teamchat.com/api/rooms/55add997177b15a00aca5c89/messages/55af616db16598fd30621f0f/acks","senderObj":{"name":"Sandeep Kumar Jaluthariya","email":"sandeep.jaluthariya@webaroo.com","userId":"24516","imageUrl":"http://enterprise.teamchat.com/profiles/dummy/profile-9.png"}} (EventStreamImpl:-1) 
[2015-07-22 15:45:17,883] [Thread-1] [INFO ] - EVE Read line: (EventStreamImpl:-1) 
[2015-07-22 15:45:17,883] [Thread-1] [INFO ] - EVE Read line:data: {"_id":"55af623bf35bdf0d68cfe0a5","date":1437557307319,"roomId":"55add997177b15a00aca5c89","sender":"24516","text":"{\"summary\":{\"summitem\":[{\"dd\":{\"resp2\":\"0.0\",\"resp3\":\"1.0\",\"resp4\":\"0.0\"},\"hidden\":\"true\",\"name\":\"yesno\",\"value\":\"1.00\",\"display\":\"Count\"}],\"unumreq\":\"1\",\"numreq\":\"4\"},\"opt1label\":\"Option1\",\"currentsenderuser\":{\"username\":\"Sandeep Kumar Jaluthariya\",\"useremail\":\"sandeep.jaluthariya@webaroo.com\",\"userid\":\"24516\",\"userimgurl\":\"http://enterprise.teamchat.com/profiles/dummy/profile-9.png\"},\"type\":\"primary\",\"origtimestamp\":1437556652989,\"opt4label\":\"Option4\",\"details\":{\"detitem\":{\"label\":\"Replies\",\"resps\":[{\"timestamp\":1437557307317,\"values\":[\"blue\"],\"date\":\"22 Jul 2015 02:58 PM IST\",\"user\":{\"username\":\"Sandeep Kumar Jaluthariya\",\"useremail\":\"sandeep.jaluthariya@webaroo.com\",\"userid\":\"24516\",\"userimgurl\":\"http://enterprise.teamchat.com/profiles/dummy/profile-9.png\"}},{\"timestamp\":1437557304493,\"overriden\":true,\"values\":[\"green \"],\"date\":\"22 Jul 2015 02:58 PM IST\",\"user\":{\"username\":\"Sandeep Kumar Jaluthariya\",\"useremail\":\"sandeep.jaluthariya@webaroo.com\",\"userid\":\"24516\",\"userimgurl\":\"http://enterprise.teamchat.com/profiles/dummy/profile-9.png\"}},{\"timestamp\":1437556767156,\"overriden\":true,\"values\":[\"blue\"],\"date\":\"22 Jul 2015 02:49 PM IST\",\"user\":{\"username\":\"Sandeep Kumar Jaluthariya\",\"useremail\":\"sandeep.jaluthariya@webaroo.com\",\"userid\":\"24516\",\"userimgurl\":\"http://enterprise.teamchat.com/profiles/dummy/profile-9.png\"}},{\"timestamp\":1437556658913,\"overriden\":true,\"values\":[\"red\"],\"date\":\"22 Jul 2015 02:47 PM IST\",\"user\":{\"username\":\"Sandeep Kumar Jaluthariya\",\"useremail\":\"sandeep.jaluthariya@webaroo.com\",\"userid\":\"24516\",\"userimgurl\":\"http://enterprise.teamchat.com/profiles/dummy/profile-9.png\"}}],\"ct\":\"4\",\"header\":[\"Response\"]}},\"currentsender\":\"24516\",\"latestAction\":\"reply\",\"actionreplace\":\"replace\",\"origdate\":\"22 Jul 2015 02:47 PM IST\",\"opt3label\":\"Option3\",\"detailsLinkVisibility\":\"all\",\"queslabel\":\"Question\",\"origsenderuser\":{\"username\":\"Sandeep Kumar Jaluthariya\",\"useremail\":\"sandeep.jaluthariya@webaroo.com\",\"userid\":\"24516\",\"userimgurl\":\"http://enterprise.teamchat.com/profiles/dummy/profile-9.png\"},\"rim\":{\"resp2\":\"red\",\"resp3\":\"blue\",\"resp4\":\"green \"},\"formid\":\"55af5face4b066d9c4962e0b\",\"viewtype\":\"replace\",\"content\":{\"text\":\"What is fav color\"},\"imgUrl\":\"\",\"origsender\":\"24516\",\"xslt\":\"survey-2.7.2\",\"opt2label\":\"Option2\",\"actions\":{\"actitem\":[{\"button\":{\"formjson\":\"{\\\"imgUrl\\\":\\\"\\\",\\\"type\\\":\\\"meta\\\",\\\"fields\\\":[{\\\"name\\\":\\\"quesL\\\",\\\"value\\\":\\\"What is fav color\\\",\\\"type\\\":\\\"label\\\"},{\\\"name\\\":\\\"respL\\\",\\\"value\\\":\\\"Response\\\",\\\"type\\\":\\\"label\\\"},{\\\"name\\\":\\\"resp\\\",\\\"value\\\":\\\"\\\",\\\"type\\\":\\\"input\\\"}],\\\"displayname\\\":\\\"Reply\\\"}\",\"deffields\":{\"resp\":\"red\"},\"respjson\":\"{\\\"maction\\\":\\\"\\\",\\\"action\\\":\\\"Reply\\\",\\\"formid\\\":\\\"55af5face4b066d9c4962e0b\\\",\\\"resp\\\":\\\"red\\\"}\",\"resptype\":\"sendmsg\",\"label\":\"Reply\"}},{\"button\":{\"formjson\":\"{\\\"imgUrl\\\":\\\"\\\",\\\"type\\\":\\\"meta\\\",\\\"fields\\\":[{\\\"name\\\":\\\"quesL\\\",\\\"value\\\":\\\"What is fav color\\\",\\\"type\\\":\\\"label\\\"},{\\\"name\\\":\\\"respL\\\",\\\"value\\\":\\\"Response\\\",\\\"type\\\":\\\"label\\\"},{\\\"name\\\":\\\"resp\\\",\\\"value\\\":\\\"\\\",\\\"type\\\":\\\"input\\\"}],\\\"displayname\\\":\\\"Reply\\\"}\",\"deffields\":{\"resp\":\"blue\"},\"respjson\":\"{\\\"maction\\\":\\\"\\\",\\\"action\\\":\\\"Reply\\\",\\\"formid\\\":\\\"55af5face4b066d9c4962e0b\\\",\\\"resp\\\":\\\"blue\\\"}\",\"resptype\":\"sendmsg\",\"label\":\"Reply\"}},{\"button\":{\"formjson\":\"{\\\"imgUrl\\\":\\\"\\\",\\\"type\\\":\\\"meta\\\",\\\"fields\\\":[{\\\"name\\\":\\\"quesL\\\",\\\"value\\\":\\\"What is fav color\\\",\\\"type\\\":\\\"label\\\"},{\\\"name\\\":\\\"respL\\\",\\\"value\\\":\\\"Response\\\",\\\"type\\\":\\\"label\\\"},{\\\"name\\\":\\\"resp\\\",\\\"value\\\":\\\"\\\",\\\"type\\\":\\\"input\\\"}],\\\"displayname\\\":\\\"Reply\\\"}\",\"deffields\":{\"resp\":\"green \"},\"respjson\":\"{\\\"maction\\\":\\\"\\\",\\\"action\\\":\\\"Reply\\\",\\\"formid\\\":\\\"55af5face4b066d9c4962e0b\\\",\\\"resp\\\":\\\"green \\\"}\",\"resptype\":\"sendmsg\",\"label\":\"Reply\"}},{\"button\":{\"formjson\":\"{\\\"imgUrl\\\":\\\"\\\",\\\"type\\\":\\\"meta\\\",\\\"fields\\\":[{\\\"name\\\":\\\"quesL\\\",\\\"value\\\":\\\"What is fav color\\\",\\\"type\\\":\\\"label\\\"},{\\\"name\\\":\\\"respL\\\",\\\"value\\\":\\\"Response\\\",\\\"type\\\":\\\"label\\\"},{\\\"name\\\":\\\"resp\\\",\\\"value\\\":\\\"\\\",\\\"type\\\":\\\"input\\\"}],\\\"displayname\\\":\\\"Reply\\\"}\",\"deffields\":{\"resp\":\"yellow\"},\"respjson\":\"{\\\"maction\\\":\\\"\\\",\\\"action\\\":\\\"Reply\\\",\\\"formid\\\":\\\"55af5face4b066d9c4962e0b\\\",\\\"resp\\\":\\\"yellow\\\"}\",\"resptype\":\"sendmsg\",\"label\":\"Reply\"}}]},\"minCrv\":\"3\",\"comments\":{\"summary\":{\"numreq\":0},\"addcomment\":\"true\",\"details\":{\"label\":\"Comments\",\"resps\":[]},\"actions\":{\"actitem\":[{\"button\":{\"formjson\":\"{\\\"imgUrl\\\":\\\"\\\",\\\"type\\\":\\\"meta\\\",\\\"fields\\\":[{\\\"name\\\":\\\"textL\\\",\\\"value\\\":\\\"Comment\\\",\\\"type\\\":\\\"label\\\"},{\\\"validator\\\":[{\\\"emsg\\\":\\\"required field\\\",\\\"regx\\\":\\\".+\\\"}],\\\"name\\\":\\\"text\\\",\\\"value\\\":\\\"\\\",\\\"type\\\":\\\"input\\\"}]}\",\"respjson\":\"{\\\"text\\\":\\\"\\\",\\\"maction\\\":\\\"\\\",\\\"action\\\":\\\"comment\\\",\\\"formid\\\":\\\"55af5face4b066d9c4962e0b\\\"}\",\"resptype\":\"compose\",\"label\":\"Comment\"}}]}},\"displayname\":\"Survey\"}","type":"smartmessage","acks":[],"roomUrl":"http://enterprise.teamchat.com/api/rooms/55add997177b15a00aca5c89","from":"24516","url":"http://enterprise.teamchat.com/api/rooms/55add997177b15a00aca5c89/messages/55af623bf35bdf0d68cfe0a5","ackUrl":"http://enterprise.teamchat.com/api/rooms/55add997177b15a00aca5c89/messages/55af623bf35bdf0d68cfe0a5/acks","senderObj":{"name":"Sandeep Kumar Jaluthariya","email":"sandeep.jaluthariya@webaroo.com","userId":"24516","imageUrl":"http://enterprise.teamchat.com/profiles/dummy/profile-9.png"}} (EventStreamImpl:-1) 
[2015-07-22 15:45:17,918] [Thread-1] [INFO ] - EVE Read line: (EventStreamImpl:-1) 
[2015-07-22 15:45:47,945] [Thread-1] [INFO ] - Closing all (EventStreamImpl:-1) 
[2015-07-22 15:45:47,956] [Thread-1] [INFO ] - Endpoint:http://enterprise.teamchat.com/api/events?after=1437557307319 (EventStreamImpl:-1) 
[2015-07-22 15:45:49,280] [Thread-1] [INFO ] - EVE Read line:data: {"type":"welcome","message":"Welcome. Please don't disconnect!"} (EventStreamImpl:-1) 
[2015-07-22 15:45:49,280] [Thread-1] [INFO ] - Connection successful (TeamchatAPIImpl$1:-1) 
[2015-07-22 15:45:51,699] [Thread-1] [INFO ] - EVE Read line: (EventStreamImpl:-1) 
[2015-07-22 15:46:21,719] [Thread-1] [INFO ] - Closing all (EventStreamImpl:-1) 
[2015-07-22 15:46:21,730] [Thread-1] [INFO ] - Endpoint:http://enterprise.teamchat.com/api/events?after=1437557307319 (EventStreamImpl:-1) 
[2015-07-22 15:46:23,262] [Thread-1] [INFO ] - EVE Read line:data: {"type":"welcome","message":"Welcome. Please don't disconnect!"} (EventStreamImpl:-1) 
[2015-07-22 15:46:23,262] [Thread-1] [INFO ] - Connection successful (TeamchatAPIImpl$1:-1) 
[2015-07-22 15:46:24,195] [Thread-1] [INFO ] - EVE Read line: (EventStreamImpl:-1) 
[2015-07-22 15:46:24,196] [Thread-1] [INFO ] - EVE Read line:data: {"_id":"55af6d5bf35bdf0d68cfe170","date":1437560155809,"roomId":"55add997177b15a00aca5c89","sender":"24516","text":"Hi","type":"message","acks":[],"roomUrl":"http://enterprise.teamchat.com/api/rooms/55add997177b15a00aca5c89","from":"24516","url":"http://enterprise.teamchat.com/api/rooms/55add997177b15a00aca5c89/messages/55af6d5bf35bdf0d68cfe170","ackUrl":"http://enterprise.teamchat.com/api/rooms/55add997177b15a00aca5c89/messages/55af6d5bf35bdf0d68cfe170/acks","senderObj":{"name":"Sandeep Kumar Jaluthariya","email":"sandeep.jaluthariya@webaroo.com","userId":"24516","imageUrl":"http://enterprise.teamchat.com/profiles/dummy/profile-9.png"}} (EventStreamImpl:-1) 
[2015-07-22 15:46:24,199] [Thread-1] [ERROR] - A JSONObject text must begin with '{' at 1 [character 2 line 1] (ValidateChatlet:-1) 
org.json.JSONException: A JSONObject text must begin with '{' at 1 [character 2 line 1]
	at org.json.JSONTokener.syntaxError(Unknown Source)
	at org.json.JSONObject.<init>(Unknown Source)
	at org.json.JSONObject.<init>(Unknown Source)
	at com.teamchat.client.validations.ValidateChatlet.checkForReservedKeywords(Unknown Source)
	at com.teamchat.client.validations.ValidateChatlet.verifyChatlet(Unknown Source)
	at com.teamchat.client.sdk.impl.TeamchatAPIImpl.perform(Unknown Source)
	at com.teamchat.client.sdk.impl.ContextualTeamchatAPI.perform(Unknown Source)
	at com.teamchat.client.sdk.impl.ContextualTeamchatAPI.perform(Unknown Source)
	at com.teamchat.client.sdk.demo.HelloWorldBot.HelloWorld(HelloWorldBot.java:38)
	at sun.reflect.NativeMethodAccessorImpl.invoke0(Native Method)
	at sun.reflect.NativeMethodAccessorImpl.invoke(NativeMethodAccessorImpl.java:62)
	at sun.reflect.DelegatingMethodAccessorImpl.invoke(DelegatingMethodAccessorImpl.java:43)
	at java.lang.reflect.Method.invoke(Method.java:497)
	at com.teamchat.client.sdk.impl.TeamchatAPIImpl.invokeMethod(Unknown Source)
	at com.teamchat.client.sdk.impl.TeamchatAPIImpl.onMsg(Unknown Source)
	at com.teamchat.client.sdk.events.EventStreamConnector.onMsg(Unknown Source)
	at com.teamchat.client.sdk.impl.SimpleEventsExecutor.notifyCallbackMessage(Unknown Source)
	at com.teamchat.client.sdk.events.EventStreamImpl.handleLine(Unknown Source)
	at com.teamchat.client.sdk.events.EventStreamImpl.fetchEventStream(Unknown Source)
	at com.teamchat.client.sdk.events.EventStreamImpl.fetchOnceAndReturnInterruptedStatus(Unknown Source)
	at com.teamchat.client.sdk.events.EventStreamConnector.getEvents(Unknown Source)
	at com.teamchat.client.sdk.events.EventStreamConnector.mainloop(Unknown Source)
	at com.teamchat.client.sdk.events.EventStreamConnector.access$000(Unknown Source)
	at com.teamchat.client.sdk.events.EventStreamConnector$1.run(Unknown Source)
	at java.lang.Thread.run(Thread.java:745)
[2015-07-22 15:46:27,427] [Thread-1] [INFO ] - Send message resp:{"_id":"55af6d79b16598fd30621f3a","date":1437560185557,"roomId":"55add997177b15a00aca5c89","sender":"9044","from":"9044","text":"Hello World","type":"message","seqId":"1437560185502","acks":[],"roomUrl":"http://enterprise.teamchat.com/api/rooms/55add997177b15a00aca5c89","url":"http://enterprise.teamchat.com/api/rooms/55add997177b15a00aca5c89/messages/55af6d79b16598fd30621f3a","ackUrl":"http://enterprise.teamchat.com/api/rooms/55add997177b15a00aca5c89/messages/55af6d79b16598fd30621f3a/acks","senderObj":{"name":"Krishna chaitanya","email":"chaitu.majeti@gmail.com","userId":"9044","imageUrl":"http://enterprise.teamchat.com/profiles/dummy/profile-8.png"}}

 (TeamchatAPIImpl:-1) 
[2015-07-22 15:46:27,428] [Thread-1] [INFO ] - EVE Read line: (EventStreamImpl:-1) 
[2015-07-22 15:46:27,429] [Thread-1] [INFO ] - EVE Read line:data: {"_id":"55af6d79b16598fd30621f3a","date":1437560185557,"roomId":"55add997177b15a00aca5c89","sender":"9044","from":"9044","text":"Hello World","type":"message","seqId":"1437560185502","acks":[],"roomUrl":"http://enterprise.teamchat.com/api/rooms/55add997177b15a00aca5c89","url":"http://enterprise.teamchat.com/api/rooms/55add997177b15a00aca5c89/messages/55af6d79b16598fd30621f3a","ackUrl":"http://enterprise.teamchat.com/api/rooms/55add997177b15a00aca5c89/messages/55af6d79b16598fd30621f3a/acks","senderObj":{"name":"Krishna chaitanya","email":"chaitu.majeti@gmail.com","userId":"9044","imageUrl":"http://enterprise.teamchat.com/profiles/dummy/profile-8.png"},"appType":"echat"} (EventStreamImpl:-1) 
[2015-07-22 15:46:28,828] [Thread-1] [INFO ] - EVE Read line: (EventStreamImpl:-1) 
[2015-07-22 15:46:58,845] [Thread-1] [INFO ] - Closing all (EventStreamImpl:-1) 
[2015-07-22 15:46:58,856] [Thread-1] [INFO ] - Endpoint:http://enterprise.teamchat.com/api/events?after=1437560185557 (EventStreamImpl:-1) 
[2015-07-22 15:47:01,454] [Thread-1] [INFO ] - EVE Read line:data: {"type":"welcome","message":"Welcome. Please don't disconnect!"} (EventStreamImpl:-1) 
[2015-07-22 15:47:01,454] [Thread-1] [INFO ] - Connection successful (TeamchatAPIImpl$1:-1) 
[2015-07-22 15:47:03,049] [Thread-1] [INFO ] - EVE Read line: (EventStreamImpl:-1) 
[2015-07-22 15:47:33,080] [Thread-1] [INFO ] - Closing all (EventStreamImpl:-1) 
[2015-07-22 15:47:33,091] [Thread-1] [INFO ] - Endpoint:http://enterprise.teamchat.com/api/events?after=1437560185557 (EventStreamImpl:-1) 
[2015-07-22 15:47:34,231] [Thread-1] [INFO ] - EVE Read line:data: {"type":"welcome","message":"Welcome. Please don't disconnect!"} (EventStreamImpl:-1) 
[2015-07-22 15:47:34,232] [Thread-1] [INFO ] - Connection successful (TeamchatAPIImpl$1:-1) 
[2015-07-22 15:47:34,938] [Thread-1] [INFO ] - EVE Read line: (EventStreamImpl:-1) 
[2015-07-22 15:48:04,962] [Thread-1] [INFO ] - Closing all (EventStreamImpl:-1) 
[2015-07-22 15:48:04,973] [Thread-1] [INFO ] - Endpoint:http://enterprise.teamchat.com/api/events?after=1437560185557 (EventStreamImpl:-1) 
[2015-07-22 15:48:08,585] [Thread-1] [INFO ] - EVE Read line:data: {"type":"welcome","message":"Welcome. Please don't disconnect!"} (EventStreamImpl:-1) 
[2015-07-22 15:48:08,586] [Thread-1] [INFO ] - Connection successful (TeamchatAPIImpl$1:-1) 
[2015-07-22 15:48:09,247] [Thread-1] [INFO ] - EVE Read line: (EventStreamImpl:-1) 
[2015-07-22 15:48:39,264] [Thread-1] [INFO ] - Closing all (EventStreamImpl:-1) 
[2015-07-22 15:48:39,275] [Thread-1] [INFO ] - Endpoint:http://enterprise.teamchat.com/api/events?after=1437560185557 (EventStreamImpl:-1) 
[2015-07-22 15:48:40,786] [Thread-1] [INFO ] - EVE Read line:data: {"type":"welcome","message":"Welcome. Please don't disconnect!"} (EventStreamImpl:-1) 
[2015-07-22 15:48:40,786] [Thread-1] [INFO ] - Connection successful (TeamchatAPIImpl$1:-1) 
[2015-07-22 15:48:41,982] [Thread-1] [INFO ] - EVE Read line: (EventStreamImpl:-1) 
[2015-07-22 15:49:11,987] [Thread-1] [INFO ] - Closing all (EventStreamImpl:-1) 
[2015-07-22 15:49:11,998] [Thread-1] [INFO ] - Endpoint:http://enterprise.teamchat.com/api/events?after=1437560185557 (EventStreamImpl:-1) 
[2015-07-22 15:49:13,765] [Thread-1] [INFO ] - EVE Read line:data: {"type":"welcome","message":"Welcome. Please don't disconnect!"} (EventStreamImpl:-1) 
[2015-07-22 15:49:13,765] [Thread-1] [INFO ] - Connection successful (TeamchatAPIImpl$1:-1) 
[2015-07-22 15:49:14,622] [Thread-1] [INFO ] - EVE Read line: (EventStreamImpl:-1) 
[2015-07-22 15:49:44,653] [Thread-1] [INFO ] - Closing all (EventStreamImpl:-1) 
[2015-07-22 15:49:44,663] [Thread-1] [INFO ] - Endpoint:http://enterprise.teamchat.com/api/events?after=1437560185557 (EventStreamImpl:-1) 
[2015-07-22 15:49:45,802] [Thread-1] [INFO ] - EVE Read line:data: {"type":"welcome","message":"Welcome. Please don't disconnect!"} (EventStreamImpl:-1) 
[2015-07-22 15:49:45,802] [Thread-1] [INFO ] - Connection successful (TeamchatAPIImpl$1:-1) 
[2015-07-22 15:49:46,216] [Thread-1] [INFO ] - EVE Read line: (EventStreamImpl:-1) 
[2015-07-22 15:50:16,247] [Thread-1] [INFO ] - Closing all (EventStreamImpl:-1) 
[2015-07-22 15:50:16,258] [Thread-1] [INFO ] - Endpoint:http://enterprise.teamchat.com/api/events?after=1437560185557 (EventStreamImpl:-1) 
[2015-07-22 15:50:20,256] [Thread-1] [INFO ] - EVE Read line:data: {"type":"welcome","message":"Welcome. Please don't disconnect!"} (EventStreamImpl:-1) 
[2015-07-22 15:50:20,256] [Thread-1] [INFO ] - Connection successful (TeamchatAPIImpl$1:-1) 
[2015-07-22 15:50:21,565] [Thread-1] [INFO ] - EVE Read line: (EventStreamImpl:-1) 
[2015-07-22 15:50:51,594] [Thread-1] [INFO ] - Closing all (EventStreamImpl:-1) 
[2015-07-22 15:50:51,611] [Thread-1] [INFO ] - Endpoint:http://enterprise.teamchat.com/api/events?after=1437560185557 (EventStreamImpl:-1) 
[2015-07-22 15:50:53,157] [Thread-1] [INFO ] - EVE Read line:data: {"type":"welcome","message":"Welcome. Please don't disconnect!"} (EventStreamImpl:-1) 
[2015-07-22 15:50:53,157] [Thread-1] [INFO ] - Connection successful (TeamchatAPIImpl$1:-1) 
[2015-07-22 15:50:54,597] [Thread-1] [INFO ] - EVE Read line: (EventStreamImpl:-1) 
[2015-07-22 15:51:24,622] [Thread-1] [INFO ] - Closing all (EventStreamImpl:-1) 
[2015-07-22 15:51:24,633] [Thread-1] [INFO ] - Endpoint:http://enterprise.teamchat.com/api/events?after=1437560185557 (EventStreamImpl:-1) 
[2015-07-22 15:51:26,498] [Thread-1] [INFO ] - EVE Read line:data: {"type":"welcome","message":"Welcome. Please don't disconnect!"} (EventStreamImpl:-1) 
[2015-07-22 15:51:26,498] [Thread-1] [INFO ] - Connection successful (TeamchatAPIImpl$1:-1) 
[2015-07-22 15:51:27,608] [Thread-1] [INFO ] - EVE Read line: (EventStreamImpl:-1) 
[2015-07-22 15:51:57,638] [Thread-1] [INFO ] - Closing all (EventStreamImpl:-1) 
[2015-07-22 15:51:57,649] [Thread-1] [INFO ] - Endpoint:http://enterprise.teamchat.com/api/events?after=1437560185557 (EventStreamImpl:-1) 
[2015-07-22 15:51:58,441] [Thread-1] [INFO ] - EVE Read line:data: {"type":"welcome","message":"Welcome. Please don't disconnect!"} (EventStreamImpl:-1) 
[2015-07-22 15:51:58,442] [Thread-1] [INFO ] - Connection successful (TeamchatAPIImpl$1:-1) 
[2015-07-22 15:51:58,734] [Thread-1] [INFO ] - EVE Read line: (EventStreamImpl:-1) 
[2015-07-22 15:52:28,761] [Thread-1] [INFO ] - Closing all (EventStreamImpl:-1) 
[2015-07-22 15:52:28,772] [Thread-1] [INFO ] - Endpoint:http://enterprise.teamchat.com/api/events?after=1437560185557 (EventStreamImpl:-1) 
[2015-07-22 15:52:30,107] [Thread-1] [INFO ] - EVE Read line:data: {"type":"welcome","message":"Welcome. Please don't disconnect!"} (EventStreamImpl:-1) 
[2015-07-22 15:52:30,108] [Thread-1] [INFO ] - Connection successful (TeamchatAPIImpl$1:-1) 
[2015-07-22 15:52:30,457] [Thread-1] [INFO ] - EVE Read line: (EventStreamImpl:-1) 
[2015-07-22 15:52:30,457] [Thread-1] [INFO ] - EVE Read line:data: {"_id":"55af6ed5f35bdf0d68cfe17a","date":1437560533361,"roomId":"55add997177b15a00aca5c89","sender":"24516","text":"Hello","type":"message","acks":[],"roomUrl":"http://enterprise.teamchat.com/api/rooms/55add997177b15a00aca5c89","from":"24516","url":"http://enterprise.teamchat.com/api/rooms/55add997177b15a00aca5c89/messages/55af6ed5f35bdf0d68cfe17a","ackUrl":"http://enterprise.teamchat.com/api/rooms/55add997177b15a00aca5c89/messages/55af6ed5f35bdf0d68cfe17a/acks","senderObj":{"name":"Sandeep Kumar Jaluthariya","email":"sandeep.jaluthariya@webaroo.com","userId":"24516","imageUrl":"http://enterprise.teamchat.com/profiles/dummy/profile-9.png"}} (EventStreamImpl:-1) 
[2015-07-22 15:52:30,458] [Thread-1] [INFO ] - EVE Read line: (EventStreamImpl:-1) 
[2015-07-22 15:52:30,459] [Thread-1] [INFO ] - EVE Read line:data: {"_id":"55af6ed6f35bdf0d68cfe17b","date":1437560534481,"roomId":"55add997177b15a00aca5c89","sender":"24516","text":"Hi","type":"message","acks":[],"roomUrl":"http://enterprise.teamchat.com/api/rooms/55add997177b15a00aca5c89","from":"24516","url":"http://enterprise.teamchat.com/api/rooms/55add997177b15a00aca5c89/messages/55af6ed6f35bdf0d68cfe17b","ackUrl":"http://enterprise.teamchat.com/api/rooms/55add997177b15a00aca5c89/messages/55af6ed6f35bdf0d68cfe17b/acks","senderObj":{"name":"Sandeep Kumar Jaluthariya","email":"sandeep.jaluthariya@webaroo.com","userId":"24516","imageUrl":"http://enterprise.teamchat.com/profiles/dummy/profile-9.png"}} (EventStreamImpl:-1) 
[2015-07-22 15:52:30,460] [Thread-1] [ERROR] - A JSONObject text must begin with '{' at 1 [character 2 line 1] (ValidateChatlet:-1) 
org.json.JSONException: A JSONObject text must begin with '{' at 1 [character 2 line 1]
	at org.json.JSONTokener.syntaxError(Unknown Source)
	at org.json.JSONObject.<init>(Unknown Source)
	at org.json.JSONObject.<init>(Unknown Source)
	at com.teamchat.client.validations.ValidateChatlet.checkForReservedKeywords(Unknown Source)
	at com.teamchat.client.validations.ValidateChatlet.verifyChatlet(Unknown Source)
	at com.teamchat.client.sdk.impl.TeamchatAPIImpl.perform(Unknown Source)
	at com.teamchat.client.sdk.impl.ContextualTeamchatAPI.perform(Unknown Source)
	at com.teamchat.client.sdk.impl.ContextualTeamchatAPI.perform(Unknown Source)
	at com.teamchat.client.sdk.demo.HelloWorldBot.HelloWorld(HelloWorldBot.java:38)
	at sun.reflect.NativeMethodAccessorImpl.invoke0(Native Method)
	at sun.reflect.NativeMethodAccessorImpl.invoke(NativeMethodAccessorImpl.java:62)
	at sun.reflect.DelegatingMethodAccessorImpl.invoke(DelegatingMethodAccessorImpl.java:43)
	at java.lang.reflect.Method.invoke(Method.java:497)
	at com.teamchat.client.sdk.impl.TeamchatAPIImpl.invokeMethod(Unknown Source)
	at com.teamchat.client.sdk.impl.TeamchatAPIImpl.onMsg(Unknown Source)
	at com.teamchat.client.sdk.events.EventStreamConnector.onMsg(Unknown Source)
	at com.teamchat.client.sdk.impl.SimpleEventsExecutor.notifyCallbackMessage(Unknown Source)
	at com.teamchat.client.sdk.events.EventStreamImpl.handleLine(Unknown Source)
	at com.teamchat.client.sdk.events.EventStreamImpl.fetchEventStream(Unknown Source)
	at com.teamchat.client.sdk.events.EventStreamImpl.fetchOnceAndReturnInterruptedStatus(Unknown Source)
	at com.teamchat.client.sdk.events.EventStreamConnector.getEvents(Unknown Source)
	at com.teamchat.client.sdk.events.EventStreamConnector.mainloop(Unknown Source)
	at com.teamchat.client.sdk.events.EventStreamConnector.access$000(Unknown Source)
	at com.teamchat.client.sdk.events.EventStreamConnector$1.run(Unknown Source)
	at java.lang.Thread.run(Thread.java:745)
[2015-07-22 15:52:33,285] [Thread-1] [INFO ] - Send message resp:{"_id":"55af6ee8b16598fd30621f3f","date":1437560552517,"roomId":"55add997177b15a00aca5c89","sender":"9044","from":"9044","text":"Hello World","type":"message","seqId":"1437560552462","acks":[],"roomUrl":"http://enterprise.teamchat.com/api/rooms/55add997177b15a00aca5c89","url":"http://enterprise.teamchat.com/api/rooms/55add997177b15a00aca5c89/messages/55af6ee8b16598fd30621f3f","ackUrl":"http://enterprise.teamchat.com/api/rooms/55add997177b15a00aca5c89/messages/55af6ee8b16598fd30621f3f/acks","senderObj":{"name":"Krishna chaitanya","email":"chaitu.majeti@gmail.com","userId":"9044","imageUrl":"http://enterprise.teamchat.com/profiles/dummy/profile-8.png"}}

 (TeamchatAPIImpl:-1) 
[2015-07-22 15:52:33,286] [Thread-1] [INFO ] - EVE Read line: (EventStreamImpl:-1) 
[2015-07-22 15:52:33,287] [Thread-1] [INFO ] - EVE Read line:data: {"_id":"55af6ee8b16598fd30621f3f","date":1437560552517,"roomId":"55add997177b15a00aca5c89","sender":"9044","from":"9044","text":"Hello World","type":"message","seqId":"1437560552462","acks":[],"roomUrl":"http://enterprise.teamchat.com/api/rooms/55add997177b15a00aca5c89","url":"http://enterprise.teamchat.com/api/rooms/55add997177b15a00aca5c89/messages/55af6ee8b16598fd30621f3f","ackUrl":"http://enterprise.teamchat.com/api/rooms/55add997177b15a00aca5c89/messages/55af6ee8b16598fd30621f3f/acks","senderObj":{"name":"Krishna chaitanya","email":"chaitu.majeti@gmail.com","userId":"9044","imageUrl":"http://enterprise.teamchat.com/profiles/dummy/profile-8.png"},"appType":"echat"} (EventStreamImpl:-1) 
[2015-07-22 15:52:33,563] [Thread-1] [INFO ] - EVE Read line: (EventStreamImpl:-1) 
./